<?xml version="1.0" encoding="UTF-8"?>
<!-- Generated by org.testng.reporters.JUnitXMLReporter -->
<testsuite ignored="0" hostname="ATMECSINLT-038" failures="1" tests="6" name="heatClinicTestScenario" time="68.911" errors="0" timestamp="18 Nov 2019 11:40:25 GMT">
  <testcase classname="com.atmecs.ToolsninjaAutomation.testScripts.HeatClinicTestScripts" name="validateTitles" time="10.975"/>
  <testcase classname="com.atmecs.ToolsninjaAutomation.testScripts.HeatClinicTestScripts" name="selectGenderClothing" time="4.218"/>
  <testcase classname="com.atmecs.ToolsninjaAutomation.testScripts.HeatClinicTestScripts" name="validateMensClothing" time="0.176"/>
  <testcase classname="com.atmecs.ToolsninjaAutomation.testScripts.HeatClinicTestScripts" name="chooseShirt" time="25.278"/>
  <testcase classname="com.atmecs.ToolsninjaAutomation.testScripts.HeatClinicTestScripts" name="validateCart" time="1.755">
    <failure type="java.lang.AssertionError" message="Total price  doesnt match expected [$14.99] but found [$29.98]">
      <![CDATA[java.lang.AssertionError: Total price  doesnt match expected [$14.99] but found [$29.98]
at com.atmecs.ToolsninjaAutomation.pages.HeatClinicPage.validateCartDetails(HeatClinicPage.java:72)
at com.atmecs.ToolsninjaAutomation.testScripts.HeatClinicTestScripts.validateCart(HeatClinicTestScripts.java:131)
... Removed 31 stack frames]]>
    </failure>
  </testcase> <!-- validateCart -->
  <testcase classname="com.atmecs.ToolsninjaAutomation.testScripts.HeatClinicTestScripts" name="validateUpdatedGrandTotal" time="5.574"/>
</testsuite> <!-- heatClinicTestScenario -->
