<?xml version="1.0" encoding="UTF-8"?>
<testng-results ignored="0" total="12" passed="11" failed="1" skipped="0">
  <reporter-output>
  </reporter-output>
  <suite started-at="2019-11-18T11:39:15Z" name="heatClinicTestSuite" finished-at="2019-11-18T11:40:24Z" duration-ms="68911">
    <groups>
    </groups>
    <test started-at="2019-11-18T11:39:15Z" name="heatClinicTestScenario" finished-at="2019-11-18T11:40:24Z" duration-ms="68911">
      <class name="com.atmecs.ToolsninjaAutomation.testScripts.HeatClinicTestScripts">
        <test-method is-config="true" signature="intitailizeBrowser()[pri:0, instance:com.atmecs.ToolsninjaAutomation.testScripts.HeatClinicTestScripts@d21a74c]" started-at="2019-11-18T11:39:15Z" name="intitailizeBrowser" finished-at="2019-11-18T11:39:26Z" duration-ms="10213" status="PASS">
          <reporter-output>
          </reporter-output>
        </test-method> <!-- intitailizeBrowser -->
        <test-method is-config="true" signature="getUrl()[pri:0, instance:com.atmecs.ToolsninjaAutomation.testScripts.HeatClinicTestScripts@d21a74c]" started-at="2019-11-18T11:39:26Z" name="getUrl" finished-at="2019-11-18T11:39:35Z" duration-ms="9010" status="PASS">
          <reporter-output>
          </reporter-output>
        </test-method> <!-- getUrl -->
        <test-method signature="validateTitles()[pri:1, instance:com.atmecs.ToolsninjaAutomation.testScripts.HeatClinicTestScripts@d21a74c]" started-at="2019-11-18T11:39:35Z" name="validateTitles" finished-at="2019-11-18T11:39:46Z" duration-ms="10975" status="PASS">
          <reporter-output>
          </reporter-output>
        </test-method> <!-- validateTitles -->
        <test-method signature="selectGenderClothing()[pri:2, instance:com.atmecs.ToolsninjaAutomation.testScripts.HeatClinicTestScripts@d21a74c]" started-at="2019-11-18T11:39:46Z" name="selectGenderClothing" finished-at="2019-11-18T11:39:51Z" duration-ms="4218" status="PASS">
          <reporter-output>
          </reporter-output>
        </test-method> <!-- selectGenderClothing -->
        <test-method signature="validateMensClothing()[pri:3, instance:com.atmecs.ToolsninjaAutomation.testScripts.HeatClinicTestScripts@d21a74c]" started-at="2019-11-18T11:39:51Z" name="validateMensClothing" finished-at="2019-11-18T11:39:51Z" duration-ms="176" status="PASS">
          <reporter-output>
          </reporter-output>
        </test-method> <!-- validateMensClothing -->
        <test-method signature="chooseShirt()[pri:4, instance:com.atmecs.ToolsninjaAutomation.testScripts.HeatClinicTestScripts@d21a74c]" started-at="2019-11-18T11:39:51Z" name="chooseShirt" finished-at="2019-11-18T11:40:16Z" duration-ms="25278" status="PASS">
          <reporter-output>
          </reporter-output>
        </test-method> <!-- chooseShirt -->
        <test-method signature="validateCart()[pri:5, instance:com.atmecs.ToolsninjaAutomation.testScripts.HeatClinicTestScripts@d21a74c]" started-at="2019-11-18T11:40:17Z" name="validateCart" finished-at="2019-11-18T11:40:18Z" duration-ms="1755" status="FAIL">
          <exception class="java.lang.AssertionError">
            <message>
              <![CDATA[Total price  doesnt match expected [$14.99] but found [$29.98]]]>
            </message>
            <full-stacktrace>
              <![CDATA[java.lang.AssertionError: Total price  doesnt match expected [$14.99] but found [$29.98]
at org.testng.Assert.fail(Assert.java:96)
at org.testng.Assert.failNotEquals(Assert.java:776)
at org.testng.Assert.assertEqualsImpl(Assert.java:137)
at org.testng.Assert.assertEquals(Assert.java:118)
at org.testng.Assert.assertEquals(Assert.java:453)
at com.atmecs.ToolsninjaAutomation.pages.HeatClinicPage.validateCartDetails(HeatClinicPage.java:72)
at com.atmecs.ToolsninjaAutomation.testScripts.HeatClinicTestScripts.validateCart(HeatClinicTestScripts.java:131)
at java.base/jdk.internal.reflect.NativeMethodAccessorImpl.invoke0(Native Method)
at java.base/jdk.internal.reflect.NativeMethodAccessorImpl.invoke(NativeMethodAccessorImpl.java:62)
at java.base/jdk.internal.reflect.DelegatingMethodAccessorImpl.invoke(DelegatingMethodAccessorImpl.java:43)
at java.base/java.lang.reflect.Method.invoke(Method.java:567)
at org.testng.internal.MethodInvocationHelper.invokeMethod(MethodInvocationHelper.java:124)
at org.testng.internal.Invoker.invokeMethod(Invoker.java:583)
at org.testng.internal.Invoker.invokeTestMethod(Invoker.java:719)
at org.testng.internal.Invoker.invokeTestMethods(Invoker.java:989)
at org.testng.internal.TestMethodWorker.invokeTestMethods(TestMethodWorker.java:125)
at org.testng.internal.TestMethodWorker.run(TestMethodWorker.java:109)
at org.testng.TestRunner.privateRun(TestRunner.java:648)
at org.testng.TestRunner.run(TestRunner.java:505)
at org.testng.SuiteRunner.runTest(SuiteRunner.java:455)
at org.testng.SuiteRunner.runSequentially(SuiteRunner.java:450)
at org.testng.SuiteRunner.privateRun(SuiteRunner.java:415)
at org.testng.SuiteRunner.run(SuiteRunner.java:364)
at org.testng.SuiteRunnerWorker.runSuite(SuiteRunnerWorker.java:52)
at org.testng.SuiteRunnerWorker.run(SuiteRunnerWorker.java:84)
at org.testng.TestNG.runSuitesSequentially(TestNG.java:1208)
at org.testng.TestNG.runSuitesSequentially(TestNG.java:1204)
at org.testng.TestNG.runSuitesLocally(TestNG.java:1137)
at org.testng.TestNG.runSuites(TestNG.java:1049)
at org.testng.TestNG.run(TestNG.java:1017)
at org.testng.remote.AbstractRemoteTestNG.run(AbstractRemoteTestNG.java:115)
at org.testng.remote.RemoteTestNG.initAndRun(RemoteTestNG.java:251)
at org.testng.remote.RemoteTestNG.main(RemoteTestNG.java:77)
]]>
            </full-stacktrace>
          </exception> <!-- java.lang.AssertionError -->
          <reporter-output>
          </reporter-output>
        </test-method> <!-- validateCart -->
        <test-method signature="validateUpdatedGrandTotal()[pri:6, instance:com.atmecs.ToolsninjaAutomation.testScripts.HeatClinicTestScripts@d21a74c]" started-at="2019-11-18T11:40:18Z" name="validateUpdatedGrandTotal" finished-at="2019-11-18T11:40:24Z" duration-ms="5574" status="PASS">
          <reporter-output>
          </reporter-output>
        </test-method> <!-- validateUpdatedGrandTotal -->
        <test-method is-config="true" signature="tearResource()[pri:0, instance:com.atmecs.ToolsninjaAutomation.testScripts.HeatClinicTestScripts@d21a74c]" started-at="2019-11-18T11:40:24Z" name="tearResource" finished-at="2019-11-18T11:40:24Z" duration-ms="162" status="PASS">
          <reporter-output>
          </reporter-output>
        </test-method> <!-- tearResource -->
      </class> <!-- com.atmecs.ToolsninjaAutomation.testScripts.HeatClinicTestScripts -->
    </test> <!-- heatClinicTestScenario -->
  </suite> <!-- heatClinicTestSuite -->
  <suite started-at="2019-11-18T11:40:25Z" name="ninjaStoreTestSuite" finished-at="2019-11-18T11:41:23Z" duration-ms="57160">
    <groups>
    </groups>
    <test started-at="2019-11-18T11:40:25Z" name="ninjaStoreTestScenario" finished-at="2019-11-18T11:41:23Z" duration-ms="57160">
      <class name="com.atmecs.ToolsninjaAutomation.testScripts.NinjaStoreTestScripts">
        <test-method is-config="true" signature="intitailizeBrowser()[pri:0, instance:com.atmecs.ToolsninjaAutomation.testScripts.NinjaStoreTestScripts@ba54932]" started-at="2019-11-18T11:40:25Z" name="intitailizeBrowser" finished-at="2019-11-18T11:40:29Z" duration-ms="3493" status="PASS">
          <reporter-output>
          </reporter-output>
        </test-method> <!-- intitailizeBrowser -->
        <test-method is-config="true" signature="getUrl()[pri:0, instance:com.atmecs.ToolsninjaAutomation.testScripts.NinjaStoreTestScripts@ba54932]" started-at="2019-11-18T11:40:29Z" name="getUrl" finished-at="2019-11-18T11:40:32Z" duration-ms="3290" status="PASS">
          <reporter-output>
          </reporter-output>
        </test-method> <!-- getUrl -->
        <test-method signature="homePageRedirection()[pri:1, instance:com.atmecs.ToolsninjaAutomation.testScripts.NinjaStoreTestScripts@ba54932]" started-at="2019-11-18T11:40:32Z" name="homePageRedirection" finished-at="2019-11-18T11:40:32Z" duration-ms="40" status="PASS">
          <reporter-output>
          </reporter-output>
        </test-method> <!-- homePageRedirection -->
        <test-method signature="searchProductAndCheckAvailability()[pri:2, instance:com.atmecs.ToolsninjaAutomation.testScripts.NinjaStoreTestScripts@ba54932]" started-at="2019-11-18T11:40:32Z" name="searchProductAndCheckAvailability" finished-at="2019-11-18T11:40:53Z" duration-ms="20526" status="PASS">
          <reporter-output>
          </reporter-output>
        </test-method> <!-- searchProductAndCheckAvailability -->
        <test-method signature="validateGrandTotal()[pri:3, instance:com.atmecs.ToolsninjaAutomation.testScripts.NinjaStoreTestScripts@ba54932]" started-at="2019-11-18T11:40:53Z" name="validateGrandTotal" finished-at="2019-11-18T11:41:09Z" duration-ms="15738" status="PASS">
          <reporter-output>
          </reporter-output>
        </test-method> <!-- validateGrandTotal -->
        <test-method signature="checkGrandTotal()[pri:4, instance:com.atmecs.ToolsninjaAutomation.testScripts.NinjaStoreTestScripts@ba54932]" started-at="2019-11-18T11:41:09Z" name="checkGrandTotal" finished-at="2019-11-18T11:41:10Z" duration-ms="335" status="PASS">
          <reporter-output>
          </reporter-output>
        </test-method> <!-- checkGrandTotal -->
        <test-method signature="validateGrandTotalAfterRemovingItem()[pri:5, instance:com.atmecs.ToolsninjaAutomation.testScripts.NinjaStoreTestScripts@ba54932]" started-at="2019-11-18T11:41:10Z" name="validateGrandTotalAfterRemovingItem" finished-at="2019-11-18T11:41:13Z" duration-ms="3042" status="PASS">
          <reporter-output>
          </reporter-output>
        </test-method> <!-- validateGrandTotalAfterRemovingItem -->
        <test-method signature="validateErrorMessage()[pri:6, instance:com.atmecs.ToolsninjaAutomation.testScripts.NinjaStoreTestScripts@ba54932]" started-at="2019-11-18T11:41:13Z" name="validateErrorMessage" finished-at="2019-11-18T11:41:22Z" duration-ms="9497" status="PASS">
          <reporter-output>
          </reporter-output>
        </test-method> <!-- validateErrorMessage -->
        <test-method is-config="true" signature="tearResource()[pri:0, instance:com.atmecs.ToolsninjaAutomation.testScripts.NinjaStoreTestScripts@ba54932]" started-at="2019-11-18T11:41:22Z" name="tearResource" finished-at="2019-11-18T11:41:23Z" duration-ms="40" status="PASS">
          <reporter-output>
          </reporter-output>
        </test-method> <!-- tearResource -->
      </class> <!-- com.atmecs.ToolsninjaAutomation.testScripts.NinjaStoreTestScripts -->
    </test> <!-- ninjaStoreTestScenario -->
  </suite> <!-- ninjaStoreTestSuite -->
  <suite started-at="2019-11-18T11:41:23Z" name="heatClinicAndNinjaStoreTestSuites" finished-at="2019-11-18T11:41:23Z" duration-ms="0">
    <groups>
    </groups>
  </suite> <!-- heatClinicAndNinjaStoreTestSuites -->
</testng-results>
